<?xml version="1.0" encoding="UTF-8"?>
<!-- Generated by org.testng.reporters.JUnitReportReporter -->
<testsuite hostname="Muthukumar" failures="0" tests="1" name="com.learnAnnotation.NewTest" time="0.013" errors="0" timestamp="04 Nov 2022 13:43:55 GMT" skipped="0">
  <testcase classname="com.learnAnnotation.NewTest" name="login" time="0.013"/>
</testsuite> <!-- com.learnAnnotation.NewTest -->
