<?xml version="1.0" encoding="UTF-8"?>
<!-- Generated by org.testng.reporters.JUnitReportReporter -->
<testsuite hostname="Muthukumar" failures="0" tests="2" name="com.learnTestNG.Amazon" time="0.019" errors="0" timestamp="23 Nov 2022 13:24:41 GMT" skipped="0">
  <testcase classname="com.learnTestNG.Amazon" name="signUp" time="0.016"/>
  <testcase classname="com.learnTestNG.Amazon" name="logIn" time="0.003"/>
</testsuite> <!-- com.learnTestNG.Amazon -->
