<?xml version="1.0" encoding="UTF-8"?>
<!-- Generated by org.testng.reporters.JUnitReportReporter -->
<testsuite hostname="Muthukumar" failures="0" tests="1" name="com.LearnSequentialExecution.TestNg.LaunchBrowser" time="8.974" errors="0" timestamp="06 Nov 2022 09:18:54 GMT" skipped="0">
  <testcase classname="com.LearnSequentialExecution.TestNg.LaunchBrowser" name="chromeBrowserLaunch2" time="8.974"/>
</testsuite> <!-- com.LearnSequentialExecution.TestNg.LaunchBrowser -->
