<?xml version="1.0" encoding="UTF-8"?>
<!-- Generated by org.testng.reporters.JUnitReportReporter -->
<testsuite hostname="Muthukumar" failures="0" tests="2" name="com.LearnSequentialExecution.TestNg.BrowserLaunchTwo" time="21.865" errors="0" timestamp="06 Nov 2022 09:18:54 GMT" skipped="0">
  <testcase classname="com.LearnSequentialExecution.TestNg.BrowserLaunchTwo" name="chromeBrowserLaunch" time="10.817"/>
  <testcase classname="com.LearnSequentialExecution.TestNg.BrowserLaunchTwo" name="chromeBrowserLaunch" time="11.048"/>
</testsuite> <!-- com.LearnSequentialExecution.TestNg.BrowserLaunchTwo -->
